Traceback (most recent call last):
  File "/Users/doya/miniforge3/lib/python3.9/site-packages/jupyter_cache/executors/utils.py", line 51, in single_nb_execution
    executenb(
  File "/Users/doya/miniforge3/lib/python3.9/site-packages/nbclient/client.py", line 1204, in execute
    return NotebookClient(nb=nb, resources=resources, km=km, **kwargs).execute()
  File "/Users/doya/miniforge3/lib/python3.9/site-packages/nbclient/util.py", line 84, in wrapped
    return just_run(coro(*args, **kwargs))
  File "/Users/doya/miniforge3/lib/python3.9/site-packages/nbclient/util.py", line 62, in just_run
    return loop.run_until_complete(coro)
  File "/Users/doya/miniforge3/lib/python3.9/asyncio/base_events.py", line 647, in run_until_complete
    return future.result()
  File "/Users/doya/miniforge3/lib/python3.9/site-packages/nbclient/client.py", line 663, in async_execute
    await self.async_execute_cell(
  File "/Users/doya/miniforge3/lib/python3.9/site-packages/nbclient/client.py", line 965, in async_execute_cell
    await self._check_raise_for_error(cell, cell_index, exec_reply)
  File "/Users/doya/miniforge3/lib/python3.9/site-packages/nbclient/client.py", line 862, in _check_raise_for_error
    raise CellExecutionError.from_cell_and_msg(cell, exec_reply_content)
nbclient.exceptions.CellExecutionError: An error occurred while executing the following cell:
------------------
k = 2
theta = 2
c = (k**k)/gamma(k)*np.exp(1-k)
x = np.linspace(0, 10, 50)
plt.plot(x, p_gamma(x, k, theta))
plt.plot(x, c*p_exp(x, k*theta))
plt.xlabel("x");
------------------

[0;31m---------------------------------------------------------------------------[0m
[0;31mValueError[0m                                Traceback (most recent call last)
Cell [0;32mIn[6], line 5[0m
[1;32m      3[0m c [38;5;241m=[39m (k[38;5;241m*[39m[38;5;241m*[39mk)[38;5;241m/[39mgamma(k)[38;5;241m*[39mnp[38;5;241m.[39mexp([38;5;241m1[39m[38;5;241m-[39mk)
[1;32m      4[0m x [38;5;241m=[39m np[38;5;241m.[39mlinspace([38;5;241m0[39m, [38;5;241m10[39m, [38;5;241m50[39m)
[0;32m----> 5[0m [43mplt[49m[38;5;241;43m.[39;49m[43mplot[49m[43m([49m[43mx[49m[43m,[49m[43m [49m[43mp_gamma[49m[43m([49m[43mx[49m[43m,[49m[43m [49m[43mk[49m[43m,[49m[43m [49m[43mtheta[49m[43m)[49m[43m)[49m
[1;32m      6[0m plt[38;5;241m.[39mplot(x, c[38;5;241m*[39mp_exp(x, k[38;5;241m*[39mtheta))
[1;32m      7[0m plt[38;5;241m.[39mxlabel([38;5;124m"[39m[38;5;124mx[39m[38;5;124m"[39m);

File [0;32m~/miniforge3/lib/python3.9/site-packages/matplotlib/pyplot.py:2757[0m, in [0;36mplot[0;34m(scalex, scaley, data, *args, **kwargs)[0m
[1;32m   2755[0m [38;5;129m@_copy_docstring_and_deprecators[39m(Axes[38;5;241m.[39mplot)
[1;32m   2756[0m [38;5;28;01mdef[39;00m [38;5;21mplot[39m([38;5;241m*[39margs, scalex[38;5;241m=[39m[38;5;28;01mTrue[39;00m, scaley[38;5;241m=[39m[38;5;28;01mTrue[39;00m, data[38;5;241m=[39m[38;5;28;01mNone[39;00m, [38;5;241m*[39m[38;5;241m*[39mkwargs):
[0;32m-> 2757[0m     [38;5;28;01mreturn[39;00m [43mgca[49m[43m([49m[43m)[49m[38;5;241;43m.[39;49m[43mplot[49m[43m([49m
[1;32m   2758[0m [43m        [49m[38;5;241;43m*[39;49m[43margs[49m[43m,[49m[43m [49m[43mscalex[49m[38;5;241;43m=[39;49m[43mscalex[49m[43m,[49m[43m [49m[43mscaley[49m[38;5;241;43m=[39;49m[43mscaley[49m[43m,[49m
[1;32m   2759[0m [43m        [49m[38;5;241;43m*[39;49m[38;5;241;43m*[39;49m[43m([49m[43m{[49m[38;5;124;43m"[39;49m[38;5;124;43mdata[39;49m[38;5;124;43m"[39;49m[43m:[49m[43m [49m[43mdata[49m[43m}[49m[43m [49m[38;5;28;43;01mif[39;49;00m[43m [49m[43mdata[49m[43m [49m[38;5;129;43;01mis[39;49;00m[43m [49m[38;5;129;43;01mnot[39;49;00m[43m [49m[38;5;28;43;01mNone[39;49;00m[43m [49m[38;5;28;43;01melse[39;49;00m[43m [49m[43m{[49m[43m}[49m[43m)[49m[43m,[49m[43m [49m[38;5;241;43m*[39;49m[38;5;241;43m*[39;49m[43mkwargs[49m[43m)[49m

File [0;32m~/miniforge3/lib/python3.9/site-packages/matplotlib/axes/_axes.py:1632[0m, in [0;36mAxes.plot[0;34m(self, scalex, scaley, data, *args, **kwargs)[0m
[1;32m   1390[0m [38;5;250m[39m[38;5;124;03m"""[39;00m
[1;32m   1391[0m [38;5;124;03mPlot y versus x as lines and/or markers.[39;00m
[1;32m   1392[0m 
[0;32m   (...)[0m
[1;32m   1629[0m [38;5;124;03m(``'green'``) or hex strings (``'#008000'``).[39;00m
[1;32m   1630[0m [38;5;124;03m"""[39;00m
[1;32m   1631[0m kwargs [38;5;241m=[39m cbook[38;5;241m.[39mnormalize_kwargs(kwargs, mlines[38;5;241m.[39mLine2D)
[0;32m-> 1632[0m lines [38;5;241m=[39m [[38;5;241m*[39m[38;5;28mself[39m[38;5;241m.[39m_get_lines([38;5;241m*[39margs, data[38;5;241m=[39mdata, [38;5;241m*[39m[38;5;241m*[39mkwargs)]
[1;32m   1633[0m [38;5;28;01mfor[39;00m line [38;5;129;01min[39;00m lines:
[1;32m   1634[0m     [38;5;28mself[39m[38;5;241m.[39madd_line(line)

File [0;32m~/miniforge3/lib/python3.9/site-packages/matplotlib/axes/_base.py:312[0m, in [0;36m_process_plot_var_args.__call__[0;34m(self, data, *args, **kwargs)[0m
[1;32m    310[0m     this [38;5;241m+[39m[38;5;241m=[39m args[[38;5;241m0[39m],
[1;32m    311[0m     args [38;5;241m=[39m args[[38;5;241m1[39m:]
[0;32m--> 312[0m [38;5;28;01myield from[39;00m [38;5;28;43mself[39;49m[38;5;241;43m.[39;49m[43m_plot_args[49m[43m([49m[43mthis[49m[43m,[49m[43m [49m[43mkwargs[49m[43m)[49m

File [0;32m~/miniforge3/lib/python3.9/site-packages/matplotlib/axes/_base.py:459[0m, in [0;36m_process_plot_var_args._plot_args[0;34m(self, tup, kwargs, return_kwargs)[0m
[1;32m    456[0m [38;5;66;03m# Don't allow any None value; these would be up-converted to one[39;00m
[1;32m    457[0m [38;5;66;03m# element array of None which causes problems downstream.[39;00m
[1;32m    458[0m [38;5;28;01mif[39;00m [38;5;28many[39m(v [38;5;129;01mis[39;00m [38;5;28;01mNone[39;00m [38;5;28;01mfor[39;00m v [38;5;129;01min[39;00m tup):
[0;32m--> 459[0m     [38;5;28;01mraise[39;00m [38;5;167;01mValueError[39;00m([38;5;124m"[39m[38;5;124mx, y, and format string must not be None[39m[38;5;124m"[39m)
[1;32m    461[0m kw [38;5;241m=[39m {}
[1;32m    462[0m [38;5;28;01mfor[39;00m prop_name, val [38;5;129;01min[39;00m [38;5;28mzip[39m(([38;5;124m'[39m[38;5;124mlinestyle[39m[38;5;124m'[39m, [38;5;124m'[39m[38;5;124mmarker[39m[38;5;124m'[39m, [38;5;124m'[39m[38;5;124mcolor[39m[38;5;124m'[39m),
[1;32m    463[0m                           (linestyle, marker, color)):

[0;31mValueError[0m: x, y, and format string must not be None
ValueError: x, y, and format string must not be None

