Traceback (most recent call last):
  File "/Users/doya/miniforge3/lib/python3.13/site-packages/jupyter_cache/executors/utils.py", line 58, in single_nb_execution
    executenb(
    ~~~~~~~~~^
        nb,
        ^^^
    ...<4 lines>...
        **kwargs,
        ^^^^^^^^^
    )
    ^
  File "/Users/doya/miniforge3/lib/python3.13/site-packages/nbclient/client.py", line 1319, in execute
    return NotebookClient(nb=nb, resources=resources, km=km, **kwargs).execute()
           ~~~~~~~~~~~~~~~~~~~~~~~~~~~~~~~~~~~~~~~~~~~~~~~~~~~~~~~~~~~~~~~~~~~^^
  File "/Users/doya/miniforge3/lib/python3.13/site-packages/jupyter_core/utils/__init__.py", line 165, in wrapped
    return loop.run_until_complete(inner)
           ~~~~~~~~~~~~~~~~~~~~~~~^^^^^^^
  File "/Users/doya/miniforge3/lib/python3.13/asyncio/base_events.py", line 725, in run_until_complete
    return future.result()
           ~~~~~~~~~~~~~^^
  File "/Users/doya/miniforge3/lib/python3.13/site-packages/nbclient/client.py", line 709, in async_execute
    await self.async_execute_cell(
        cell, index, execution_count=self.code_cells_executed + 1
    )
  File "/Users/doya/miniforge3/lib/python3.13/site-packages/nbclient/client.py", line 1062, in async_execute_cell
    await self._check_raise_for_error(cell, cell_index, exec_reply)
  File "/Users/doya/miniforge3/lib/python3.13/site-packages/nbclient/client.py", line 918, in _check_raise_for_error
    raise CellExecutionError.from_cell_and_msg(cell, exec_reply_content)
nbclient.exceptions.CellExecutionError: An error occurred while executing the following cell:
------------------
k = 2
theta = 2
c = (k**k)/gamma(k)*np.exp(1-k)
x = np.linspace(0, 10, 50)
plt.plot(x, p_gamma(x, k, theta))
plt.plot(x, c*p_exp(x, k*theta))
plt.xlabel("x");
------------------


[31m---------------------------------------------------------------------------[39m
[31mValueError[39m                                Traceback (most recent call last)
[36mCell[39m[36m [39m[32mIn[6][39m[32m, line 5[39m
[32m      3[39m c = (k**k)/gamma(k)*np.exp([32m1[39m-k)
[32m      4[39m x = np.linspace([32m0[39m, [32m10[39m, [32m50[39m)
[32m----> [39m[32m5[39m [43mplt[49m[43m.[49m[43mplot[49m[43m([49m[43mx[49m[43m,[49m[43m [49m[43mp_gamma[49m[43m([49m[43mx[49m[43m,[49m[43m [49m[43mk[49m[43m,[49m[43m [49m[43mtheta[49m[43m)[49m[43m)[49m
[32m      6[39m plt.plot(x, c*p_exp(x, k*theta))
[32m      7[39m plt.xlabel([33m"[39m[33mx[39m[33m"[39m);

[36mFile [39m[32m~/miniforge3/lib/python3.13/site-packages/matplotlib/pyplot.py:3827[39m, in [36mplot[39m[34m(scalex, scaley, data, *args, **kwargs)[39m
[32m   3819[39m [38;5;129m@_copy_docstring_and_deprecators[39m(Axes.plot)
[32m   3820[39m [38;5;28;01mdef[39;00m[38;5;250m [39m[34mplot[39m(
[32m   3821[39m     *args: [38;5;28mfloat[39m | ArrayLike | [38;5;28mstr[39m,
[32m   (...)[39m[32m   3825[39m     **kwargs,
[32m   3826[39m ) -> [38;5;28mlist[39m[Line2D]:
[32m-> [39m[32m3827[39m     [38;5;28;01mreturn[39;00m [43mgca[49m[43m([49m[43m)[49m[43m.[49m[43mplot[49m[43m([49m
[32m   3828[39m [43m        [49m[43m*[49m[43margs[49m[43m,[49m
[32m   3829[39m [43m        [49m[43mscalex[49m[43m=[49m[43mscalex[49m[43m,[49m
[32m   3830[39m [43m        [49m[43mscaley[49m[43m=[49m[43mscaley[49m[43m,[49m
[32m   3831[39m [43m        [49m[43m*[49m[43m*[49m[43m([49m[43m{[49m[33;43m"[39;49m[33;43mdata[39;49m[33;43m"[39;49m[43m:[49m[43m [49m[43mdata[49m[43m}[49m[43m [49m[38;5;28;43;01mif[39;49;00m[43m [49m[43mdata[49m[43m [49m[38;5;129;43;01mis[39;49;00m[43m [49m[38;5;129;43;01mnot[39;49;00m[43m [49m[38;5;28;43;01mNone[39;49;00m[43m [49m[38;5;28;43;01melse[39;49;00m[43m [49m[43m{[49m[43m}[49m[43m)[49m[43m,[49m
[32m   3832[39m [43m        [49m[43m*[49m[43m*[49m[43mkwargs[49m[43m,[49m
[32m   3833[39m [43m    [49m[43m)[49m

[36mFile [39m[32m~/miniforge3/lib/python3.13/site-packages/matplotlib/axes/_axes.py:1777[39m, in [36mAxes.plot[39m[34m(self, scalex, scaley, data, *args, **kwargs)[39m
[32m   1534[39m [38;5;250m[39m[33;03m"""[39;00m
[32m   1535[39m [33;03mPlot y versus x as lines and/or markers.[39;00m
[32m   1536[39m 
[32m   (...)[39m[32m   1774[39m [33;03m(``'green'``) or hex strings (``'#008000'``).[39;00m
[32m   1775[39m [33;03m"""[39;00m
[32m   1776[39m kwargs = cbook.normalize_kwargs(kwargs, mlines.Line2D)
[32m-> [39m[32m1777[39m lines = [*[38;5;28mself[39m._get_lines([38;5;28mself[39m, *args, data=data, **kwargs)]
[32m   1778[39m [38;5;28;01mfor[39;00m line [38;5;129;01min[39;00m lines:
[32m   1779[39m     [38;5;28mself[39m.add_line(line)

[36mFile [39m[32m~/miniforge3/lib/python3.13/site-packages/matplotlib/axes/_base.py:297[39m, in [36m_process_plot_var_args.__call__[39m[34m(self, axes, data, return_kwargs, *args, **kwargs)[39m
[32m    295[39m     this += args[[32m0[39m],
[32m    296[39m     args = args[[32m1[39m:]
[32m--> [39m[32m297[39m [38;5;28;01myield from[39;00m [38;5;28;43mself[39;49m[43m.[49m[43m_plot_args[49m[43m([49m
[32m    298[39m [43m    [49m[43maxes[49m[43m,[49m[43m [49m[43mthis[49m[43m,[49m[43m [49m[43mkwargs[49m[43m,[49m[43m [49m[43mambiguous_fmt_datakey[49m[43m=[49m[43mambiguous_fmt_datakey[49m[43m,[49m
[32m    299[39m [43m    [49m[43mreturn_kwargs[49m[43m=[49m[43mreturn_kwargs[49m
[32m    300[39m [43m[49m[43m)[49m

[36mFile [39m[32m~/miniforge3/lib/python3.13/site-packages/matplotlib/axes/_base.py:455[39m, in [36m_process_plot_var_args._plot_args[39m[34m(self, axes, tup, kwargs, return_kwargs, ambiguous_fmt_datakey)[39m
[32m    452[39m [38;5;66;03m# Don't allow any None value; these would be up-converted to one[39;00m
[32m    453[39m [38;5;66;03m# element array of None which causes problems downstream.[39;00m
[32m    454[39m [38;5;28;01mif[39;00m [38;5;28many[39m(v [38;5;129;01mis[39;00m [38;5;28;01mNone[39;00m [38;5;28;01mfor[39;00m v [38;5;129;01min[39;00m tup):
[32m--> [39m[32m455[39m     [38;5;28;01mraise[39;00m [38;5;167;01mValueError[39;00m([33m"[39m[33mx, y, and format string must not be None[39m[33m"[39m)
[32m    457[39m kw = {}
[32m    458[39m [38;5;28;01mfor[39;00m prop_name, val [38;5;129;01min[39;00m [38;5;28mzip[39m(([33m'[39m[33mlinestyle[39m[33m'[39m, [33m'[39m[33mmarker[39m[33m'[39m, [33m'[39m[33mcolor[39m[33m'[39m),
[32m    459[39m                           (linestyle, marker, color)):

[31mValueError[39m: x, y, and format string must not be None

